<?xml version="1.0" encoding="UTF-8"?>
<!-- Generated by org.testng.reporters.JUnitReportReporter -->
<testsuite skipped="0" hostname="DESKTOP-SDB8KDN" name="academy.test.testcases.LoginPageTest" tests="1" failures="0" timestamp="14 Nov 2017 18:05:24 GMT" time="22.617" errors="0">
  <testcase name="loginTest" time="22.617" classname="academy.test.testcases.LoginPageTest"/>
</testsuite> <!-- academy.test.testcases.LoginPageTest -->
